The system is: Windows - 10.0.19041 - AMD64
Compiling the C compiler identification source file "CMakeCCompilerId.c" succeeded.
Compiler: C:/Program Files (x86)/Microsoft Visual Studio/2019/Community/VC/Tools/MSVC/14.21.27702/bin/Hostx86/x86/cl.exe 
Build flags: 
Id flags:  

The output was:
0
Microsoft (R) C/C++ Optimizing Compiler Version 19.21.27702.2 for x86
Copyright (C) Microsoft Corporation.  All rights reserved.

CMakeCCompilerId.c
Microsoft (R) Incremental Linker Version 14.21.27702.2
Copyright (C) Microsoft Corporation.  All rights reserved.

/out:CMakeCCompilerId.exe 
CMakeCCompilerId.obj 


Compilation of the C compiler identification source "CMakeCCompilerId.c" produced "CMakeCCompilerId.exe"

Compilation of the C compiler identification source "CMakeCCompilerId.c" produced "CMakeCCompilerId.obj"

The C compiler identification is MSVC, found in "C:/CLion/DemoProject/cmake-build-debug/CMakeFiles/3.17.5/CompilerIdC/CMakeCCompilerId.exe"

Determining if the C compiler works passed with the following output:
Change Dir: C:/CLion/DemoProject/cmake-build-debug/CMakeFiles/CMakeTmp

Run Build Command(s):nmake /nologo cmTC_1a0b0\fast && 	"C:\Program Files (x86)\Microsoft Visual Studio\2019\Community\VC\Tools\MSVC\14.21.27702\bin\HostX86\x86\nmake.exe"  -f CMakeFiles\cmTC_1a0b0.dir\build.make /nologo -L                  CMakeFiles\cmTC_1a0b0.dir\build
Building C object CMakeFiles/cmTC_1a0b0.dir/testCCompiler.c.obj
	C:\PROGRA~2\MICROS~1\2019\COMMUN~1\VC\Tools\MSVC\1421~1.277\bin\Hostx86\x86\cl.exe @C:\Users\erbor\AppData\Local\Temp\nmD1F3.tmp
testCCompiler.c
Linking C executable cmTC_1a0b0.exe
	"C:\Program Files\JetBrains\CLion 2020.3.2\bin\cmake\win\bin\cmake.exe" -E vs_link_exe --intdir=CMakeFiles\cmTC_1a0b0.dir --rc=C:\PROGRA~2\WI3CF2~1\10\bin\100177~1.0\x86\rc.exe --mt=C:\PROGRA~2\WI3CF2~1\10\bin\100177~1.0\x86\mt.exe --manifests  -- C:\PROGRA~2\MICROS~1\2019\COMMUN~1\VC\Tools\MSVC\1421~1.277\bin\Hostx86\x86\link.exe /nologo @CMakeFiles\cmTC_1a0b0.dir\objects1.rsp @C:\Users\erbor\AppData\Local\Temp\nmD456.tmp



Detecting C compiler ABI info compiled with the following output:
Change Dir: C:/CLion/DemoProject/cmake-build-debug/CMakeFiles/CMakeTmp

Run Build Command(s):nmake /nologo cmTC_a390a\fast && 	"C:\Program Files (x86)\Microsoft Visual Studio\2019\Community\VC\Tools\MSVC\14.21.27702\bin\HostX86\x86\nmake.exe"  -f CMakeFiles\cmTC_a390a.dir\build.make /nologo -L                  CMakeFiles\cmTC_a390a.dir\build
Building C object CMakeFiles/cmTC_a390a.dir/CMakeCCompilerABI.c.obj
	C:\PROGRA~2\MICROS~1\2019\COMMUN~1\VC\Tools\MSVC\1421~1.277\bin\Hostx86\x86\cl.exe @C:\Users\erbor\AppData\Local\Temp\nmD917.tmp
CMakeCCompilerABI.c
Linking C executable cmTC_a390a.exe
	"C:\Program Files\JetBrains\CLion 2020.3.2\bin\cmake\win\bin\cmake.exe" -E vs_link_exe --intdir=CMakeFiles\cmTC_a390a.dir --rc=C:\PROGRA~2\WI3CF2~1\10\bin\100177~1.0\x86\rc.exe --mt=C:\PROGRA~2\WI3CF2~1\10\bin\100177~1.0\x86\mt.exe --manifests  -- C:\PROGRA~2\MICROS~1\2019\COMMUN~1\VC\Tools\MSVC\1421~1.277\bin\Hostx86\x86\link.exe /nologo @CMakeFiles\cmTC_a390a.dir\objects1.rsp @C:\Users\erbor\AppData\Local\Temp\nmD9D4.tmp



